<?xml version="1.0"?>
<!DOCTYPE coverage SYSTEM "http://cobertura.sourceforge.net/xml/coverage-04.dtd">
<coverage 
line-rate="0.11" lines-valid="481" lines-covered="55" branches-valid="39" branches-covered="3" branch-rate="0.08" complexity="0" version="1.0" timestamp="1586885257371">
    <sources>
        <source>--source</source>
        <source>/home/knoldus/IdeaProjects/knoldus_leaderboard/app/src/main/scala</source>
    </sources>
    <packages>
        <package name="com.knoldus.leader_board" line-rate="0.25" branch-rate="1.00" complexity="0">
            <classes>
                <class 
                name="com.knoldus.leader_board.DriverApp" filename="com/knoldus/leader_board/DriverApp.scala" line-rate="0.00" branch-rate="0.00" complexity="0">
                    <methods>
                        <method 
                        name="com.knoldus.leader_board/DriverApp/&lt;none&gt;" signature="()V" line-rate="0.00" branch-rate="0.00" complexity="0">
                            <lines>
                                <line number="16" hits="0" branch="false"/>
                                <line number="22" hits="0" branch="false"/>
                                <line number="30" hits="0" branch="false"/>
                                <line number="24" hits="0" branch="false"/>
                                <line number="34" hits="0" branch="false"/>
                                <line number="13" hits="0" branch="false"/>
                                <line number="18" hits="0" branch="false"/>
                                <line number="18" hits="0" branch="false"/>
                                <line number="26" hits="0" branch="false"/>
                                <line number="38" hits="0" branch="false"/>
                                <line number="14" hits="0" branch="false"/>
                                <line number="11" hits="0" branch="false"/>
                                <line number="36" hits="0" branch="false"/>
                                <line number="28" hits="0" branch="false"/>
                                <line number="16" hits="0" branch="false"/>
                                <line number="22" hits="0" branch="false"/>
                                <line number="12" hits="0" branch="false"/>
                                <line number="32" hits="0" branch="false"/>
                                <line number="17" hits="0" branch="false"/>
                                <line number="22" hits="0" branch="false"/>
                                <line number="26" hits="0" branch="false"/>
                                <line number="14" hits="0" branch="false"/>
                                <line number="18" hits="0" branch="false"/>
                                <line number="34" hits="0" branch="false"/>
                                <line number="18" hits="0" branch="false"/>
                                <line number="24" hits="0" branch="false"/>
                                <line number="13" hits="0" branch="false"/>
                                <line number="38" hits="0" branch="false"/>
                                <line number="15" hits="0" branch="false"/>
                                <line number="20" hits="0" branch="false"/>
                                <line number="28" hits="0" branch="false"/>
                                <line number="12" hits="0" branch="false"/>
                                <line number="30" hits="0" branch="false"/>
                                <line number="17" hits="0" branch="false"/>
                                <line number="22" hits="0" branch="false"/>
                            </lines>
</method>
                    </methods>
                    <lines>
                        <line number="16" hits="0" branch="false"/>
                        <line number="22" hits="0" branch="false"/>
                        <line number="30" hits="0" branch="false"/>
                        <line number="24" hits="0" branch="false"/>
                        <line number="34" hits="0" branch="false"/>
                        <line number="13" hits="0" branch="false"/>
                        <line number="18" hits="0" branch="false"/>
                        <line number="18" hits="0" branch="false"/>
                        <line number="26" hits="0" branch="false"/>
                        <line number="38" hits="0" branch="false"/>
                        <line number="14" hits="0" branch="false"/>
                        <line number="11" hits="0" branch="false"/>
                        <line number="36" hits="0" branch="false"/>
                        <line number="28" hits="0" branch="false"/>
                        <line number="16" hits="0" branch="false"/>
                        <line number="22" hits="0" branch="false"/>
                        <line number="12" hits="0" branch="false"/>
                        <line number="32" hits="0" branch="false"/>
                        <line number="17" hits="0" branch="false"/>
                        <line number="22" hits="0" branch="false"/>
                        <line number="26" hits="0" branch="false"/>
                        <line number="14" hits="0" branch="false"/>
                        <line number="18" hits="0" branch="false"/>
                        <line number="34" hits="0" branch="false"/>
                        <line number="18" hits="0" branch="false"/>
                        <line number="24" hits="0" branch="false"/>
                        <line number="13" hits="0" branch="false"/>
                        <line number="38" hits="0" branch="false"/>
                        <line number="15" hits="0" branch="false"/>
                        <line number="20" hits="0" branch="false"/>
                        <line number="28" hits="0" branch="false"/>
                        <line number="12" hits="0" branch="false"/>
                        <line number="30" hits="0" branch="false"/>
                        <line number="17" hits="0" branch="false"/>
                        <line number="22" hits="0" branch="false"/>
                    </lines>
</class>
                <class 
                name="com.knoldus.leader_board.DatabaseConnection" filename="com/knoldus/leader_board/DatabaseConnection.scala" line-rate="0.92" branch-rate="1.00" complexity="0">
                    <methods>
                        <method 
                        name="com.knoldus.leader_board/DatabaseConnection/&lt;none&gt;" signature="()V" line-rate="1.00" branch-rate="1.00" complexity="0">
                            <lines>
                                <line number="9" hits="1" branch="false"/>
                            </lines>
</method>
                        <method 
                        name="com.knoldus.leader_board/DatabaseConnection/connection" signature="()V" line-rate="0.92" branch-rate="1.00" complexity="0">
                            <lines>
                                <line number="18" hits="1" branch="false"/>
                                <line number="19" hits="1" branch="false"/>
                                <line number="13" hits="1" branch="false"/>
                                <line number="16" hits="1" branch="false"/>
                                <line number="15" hits="1" branch="false"/>
                                <line number="22" hits="0" branch="false"/>
                                <line number="18" hits="1" branch="false"/>
                                <line number="19" hits="1" branch="false"/>
                                <line number="18" hits="1" branch="false"/>
                                <line number="14" hits="1" branch="false"/>
                                <line number="12" hits="1" branch="false"/>
                                <line number="17" hits="1" branch="false"/>
                            </lines>
</method>
                    </methods>
                    <lines>
                        <line number="18" hits="1" branch="false"/>
                        <line number="19" hits="1" branch="false"/>
                        <line number="13" hits="1" branch="false"/>
                        <line number="16" hits="1" branch="false"/>
                        <line number="15" hits="1" branch="false"/>
                        <line number="22" hits="0" branch="false"/>
                        <line number="18" hits="1" branch="false"/>
                        <line number="19" hits="1" branch="false"/>
                        <line number="9" hits="1" branch="false"/>
                        <line number="18" hits="1" branch="false"/>
                        <line number="14" hits="1" branch="false"/>
                        <line number="12" hits="1" branch="false"/>
                        <line number="17" hits="1" branch="false"/>
                    </lines>
</class>
            </classes>
        </package>
        <package name="com.knoldus.leader_board.application" line-rate="0.00" branch-rate="0.00" complexity="0">
            <classes>
                <class 
                name="com.knoldus.leader_board.application.AllTimeDataOnAPI" filename="com/knoldus/leader_board/application/AllTimeDataOnAPI.scala" line-rate="0.00" branch-rate="0.00" complexity="0">
                    <methods>
                        <method 
                        name="com.knoldus.leader_board.application/AllTimeDataOnAPI/pushAllTimeDataOnAPI" signature="()V" line-rate="0.00" branch-rate="0.00" complexity="0">
                            <lines>
                                <line number="39" hits="0" branch="false"/>
                                <line number="37" hits="0" branch="false"/>
                                <line number="38" hits="0" branch="false"/>
                                <line number="37" hits="0" branch="false"/>
                                <line number="37" hits="0" branch="false"/>
                                <line number="32" hits="0" branch="false"/>
                                <line number="32" hits="0" branch="false"/>
                                <line number="34" hits="0" branch="false"/>
                                <line number="37" hits="0" branch="false"/>
                                <line number="37" hits="0" branch="false"/>
                                <line number="37" hits="0" branch="false"/>
                                <line number="37" hits="0" branch="false"/>
                                <line number="30" hits="0" branch="false"/>
                                <line number="34" hits="0" branch="false"/>
                                <line number="37" hits="0" branch="false"/>
                                <line number="39" hits="0" branch="false"/>
                                <line number="30" hits="0" branch="false"/>
                                <line number="34" hits="0" branch="false"/>
                                <line number="37" hits="0" branch="false"/>
                                <line number="37" hits="0" branch="false"/>
                                <line number="32" hits="0" branch="false"/>
                                <line number="33" hits="0" branch="false"/>
                                <line number="38" hits="0" branch="false"/>
                                <line number="37" hits="0" branch="false"/>
                                <line number="37" hits="0" branch="false"/>
                                <line number="37" hits="0" branch="false"/>
                                <line number="37" hits="0" branch="false"/>
                                <line number="34" hits="0" branch="false"/>
                                <line number="33" hits="0" branch="false"/>
                                <line number="37" hits="0" branch="false"/>
                                <line number="37" hits="0" branch="false"/>
                                <line number="37" hits="0" branch="false"/>
                                <line number="37" hits="0" branch="false"/>
                                <line number="34" hits="0" branch="false"/>
                                <line number="37" hits="0" branch="false"/>
                                <line number="37" hits="0" branch="false"/>
                                <line number="30" hits="0" branch="false"/>
                                <line number="37" hits="0" branch="false"/>
                                <line number="38" hits="0" branch="false"/>
                                <line number="37" hits="0" branch="false"/>
                                <line number="34" hits="0" branch="false"/>
                            </lines>
</method>
                        <method 
                        name="com.knoldus.leader_board.application/AllTimeDataOnAPI/&lt;none&gt;" signature="()V" line-rate="0.00" branch-rate="0.00" complexity="0">
                            <lines>
                                <line number="17" hits="0" branch="false"/>
                                <line number="19" hits="0" branch="false"/>
                                <line number="16" hits="0" branch="false"/>
                                <line number="19" hits="0" branch="false"/>
                                <line number="20" hits="0" branch="false"/>
                                <line number="18" hits="0" branch="false"/>
                            </lines>
</method>
                    </methods>
                    <lines>
                        <line number="39" hits="0" branch="false"/>
                        <line number="37" hits="0" branch="false"/>
                        <line number="38" hits="0" branch="false"/>
                        <line number="37" hits="0" branch="false"/>
                        <line number="37" hits="0" branch="false"/>
                        <line number="17" hits="0" branch="false"/>
                        <line number="32" hits="0" branch="false"/>
                        <line number="32" hits="0" branch="false"/>
                        <line number="19" hits="0" branch="false"/>
                        <line number="34" hits="0" branch="false"/>
                        <line number="37" hits="0" branch="false"/>
                        <line number="37" hits="0" branch="false"/>
                        <line number="37" hits="0" branch="false"/>
                        <line number="37" hits="0" branch="false"/>
                        <line number="30" hits="0" branch="false"/>
                        <line number="34" hits="0" branch="false"/>
                        <line number="37" hits="0" branch="false"/>
                        <line number="39" hits="0" branch="false"/>
                        <line number="30" hits="0" branch="false"/>
                        <line number="34" hits="0" branch="false"/>
                        <line number="37" hits="0" branch="false"/>
                        <line number="37" hits="0" branch="false"/>
                        <line number="32" hits="0" branch="false"/>
                        <line number="33" hits="0" branch="false"/>
                        <line number="38" hits="0" branch="false"/>
                        <line number="16" hits="0" branch="false"/>
                        <line number="37" hits="0" branch="false"/>
                        <line number="37" hits="0" branch="false"/>
                        <line number="37" hits="0" branch="false"/>
                        <line number="37" hits="0" branch="false"/>
                        <line number="19" hits="0" branch="false"/>
                        <line number="34" hits="0" branch="false"/>
                        <line number="33" hits="0" branch="false"/>
                        <line number="37" hits="0" branch="false"/>
                        <line number="37" hits="0" branch="false"/>
                        <line number="37" hits="0" branch="false"/>
                        <line number="37" hits="0" branch="false"/>
                        <line number="34" hits="0" branch="false"/>
                        <line number="20" hits="0" branch="false"/>
                        <line number="37" hits="0" branch="false"/>
                        <line number="37" hits="0" branch="false"/>
                        <line number="30" hits="0" branch="false"/>
                        <line number="37" hits="0" branch="false"/>
                        <line number="38" hits="0" branch="false"/>
                        <line number="37" hits="0" branch="false"/>
                        <line number="34" hits="0" branch="false"/>
                        <line number="18" hits="0" branch="false"/>
                    </lines>
</class>
            </classes>
        </package>
        <package name="com.knoldus.leader_board.business" line-rate="0.15" branch-rate="0.11" complexity="0">
            <classes>
                <class 
                name="com.knoldus.leader_board.business.OverallRank" filename="com/knoldus/leader_board/business/OverallRank.scala" line-rate="0.61" branch-rate="0.50" complexity="0">
                    <methods>
                        <method 
                        name="com.knoldus.leader_board.business/OverallRank/calculateRank" signature="()V" line-rate="0.80" branch-rate="1.00" complexity="0">
                            <lines>
                                <line number="44" hits="1" branch="false"/>
                                <line number="46" hits="1" branch="false"/>
                                <line number="46" hits="1" branch="false"/>
                                <line number="15" hits="1" branch="false"/>
                                <line number="43" hits="0" branch="false"/>
                                <line number="46" hits="1" branch="false"/>
                                <line number="46" hits="1" branch="false"/>
                                <line number="46" hits="1" branch="false"/>
                                <line number="42" hits="0" branch="false"/>
                                <line number="14" hits="1" branch="false"/>
                            </lines>
</method>
                        <method 
                        name="com.knoldus.leader_board.business/OverallRank/getRank" signature="()V" line-rate="0.56" branch-rate="0.50" complexity="0">
                            <lines>
                                <line number="35" hits="0" branch="false"/>
                                <line number="31" hits="1" branch="false"/>
                                <line number="35" hits="0" branch="false"/>
                                <line number="23" hits="1" branch="false"/>
                                <line number="27" hits="1" branch="false"/>
                                <line number="35" hits="0" branch="false"/>
                                <line number="27" hits="1" branch="false"/>
                                <line number="31" hits="1" branch="false"/>
                                <line number="24" hits="0" branch="false"/>
                                <line number="24" hits="0" branch="false"/>
                                <line number="31" hits="1" branch="false"/>
                                <line number="30" hits="1" branch="false"/>
                                <line number="31" hits="1" branch="false"/>
                                <line number="35" hits="0" branch="false"/>
                                <line number="24" hits="0" branch="false"/>
                                <line number="30" hits="1" branch="false"/>
                                <line number="31" hits="1" branch="false"/>
                                <line number="35" hits="0" branch="false"/>
                                <line number="27" hits="1" branch="false"/>
                                <line number="31" hits="1" branch="false"/>
                                <line number="35" hits="0" branch="false"/>
                                <line number="27" hits="1" branch="false"/>
                                <line number="24" hits="0" branch="false"/>
                                <line number="31" hits="1" branch="false"/>
                                <line number="35" hits="0" branch="false"/>
                                <line number="27" hits="1" branch="false"/>
                                <line number="36" hits="0" branch="false"/>
                                <line number="24" hits="0" branch="false"/>
                                <line number="27" hits="1" branch="false"/>
                                <line number="32" hits="1" branch="false"/>
                                <line number="35" hits="0" branch="false"/>
                                <line number="24" hits="0" branch="false"/>
                                <line number="31" hits="1" branch="false"/>
                                <line number="23" hits="1" branch="false"/>
                            </lines>
</method>
                    </methods>
                    <lines>
                        <line number="35" hits="0" branch="false"/>
                        <line number="44" hits="1" branch="false"/>
                        <line number="31" hits="1" branch="false"/>
                        <line number="35" hits="0" branch="false"/>
                        <line number="23" hits="1" branch="false"/>
                        <line number="27" hits="1" branch="false"/>
                        <line number="35" hits="0" branch="false"/>
                        <line number="46" hits="1" branch="false"/>
                        <line number="27" hits="1" branch="false"/>
                        <line number="31" hits="1" branch="false"/>
                        <line number="24" hits="0" branch="false"/>
                        <line number="24" hits="0" branch="false"/>
                        <line number="31" hits="1" branch="false"/>
                        <line number="30" hits="1" branch="false"/>
                        <line number="46" hits="1" branch="false"/>
                        <line number="31" hits="1" branch="false"/>
                        <line number="35" hits="0" branch="false"/>
                        <line number="24" hits="0" branch="false"/>
                        <line number="30" hits="1" branch="false"/>
                        <line number="15" hits="1" branch="false"/>
                        <line number="43" hits="0" branch="false"/>
                        <line number="31" hits="1" branch="false"/>
                        <line number="35" hits="0" branch="false"/>
                        <line number="27" hits="1" branch="false"/>
                        <line number="31" hits="1" branch="false"/>
                        <line number="35" hits="0" branch="false"/>
                        <line number="27" hits="1" branch="false"/>
                        <line number="46" hits="1" branch="false"/>
                        <line number="24" hits="0" branch="false"/>
                        <line number="31" hits="1" branch="false"/>
                        <line number="35" hits="0" branch="false"/>
                        <line number="46" hits="1" branch="false"/>
                        <line number="27" hits="1" branch="false"/>
                        <line number="36" hits="0" branch="false"/>
                        <line number="24" hits="0" branch="false"/>
                        <line number="46" hits="1" branch="false"/>
                        <line number="27" hits="1" branch="false"/>
                        <line number="32" hits="1" branch="false"/>
                        <line number="35" hits="0" branch="false"/>
                        <line number="42" hits="0" branch="false"/>
                        <line number="24" hits="0" branch="false"/>
                        <line number="31" hits="1" branch="false"/>
                        <line number="14" hits="1" branch="false"/>
                        <line number="23" hits="1" branch="false"/>
                    </lines>
</class>
                <class 
                name="com.knoldus.leader_board.business.Blogs" filename="com/knoldus/leader_board/business/Blogs.scala" line-rate="0.00" branch-rate="0.00" complexity="0">
                    <methods>
                        <method 
                        name="com.knoldus.leader_board.business/Blogs/&lt;none&gt;" signature="()V" line-rate="0.00" branch-rate="0.00" complexity="0">
                            <lines>
                                <line number="26" hits="0" branch="false"/>
                                <line number="28" hits="0" branch="false"/>
                                <line number="28" hits="0" branch="false"/>
                                <line number="28" hits="0" branch="false"/>
                                <line number="24" hits="0" branch="false"/>
                                <line number="29" hits="0" branch="false"/>
                                <line number="29" hits="0" branch="false"/>
                                <line number="25" hits="0" branch="false"/>
                                <line number="28" hits="0" branch="false"/>
                                <line number="28" hits="0" branch="false"/>
                                <line number="28" hits="0" branch="false"/>
                                <line number="23" hits="0" branch="false"/>
                                <line number="22" hits="0" branch="false"/>
                                <line number="29" hits="0" branch="false"/>
                                <line number="25" hits="0" branch="false"/>
                                <line number="29" hits="0" branch="false"/>
                                <line number="28" hits="0" branch="false"/>
                                <line number="28" hits="0" branch="false"/>
                            </lines>
</method>
                        <method 
                        name="com.knoldus.leader_board.business/Blogs/getAllBlogsAndAuthors" signature="()V" line-rate="0.00" branch-rate="0.00" complexity="0">
                            <lines>
                                <line number="47" hits="0" branch="false"/>
                                <line number="51" hits="0" branch="false"/>
                                <line number="46" hits="0" branch="false"/>
                                <line number="52" hits="0" branch="false"/>
                                <line number="43" hits="0" branch="false"/>
                                <line number="40" hits="0" branch="false"/>
                                <line number="42" hits="0" branch="false"/>
                                <line number="42" hits="0" branch="false"/>
                                <line number="51" hits="0" branch="false"/>
                                <line number="48" hits="0" branch="false"/>
                                <line number="51" hits="0" branch="false"/>
                                <line number="47" hits="0" branch="false"/>
                                <line number="39" hits="0" branch="false"/>
                                <line number="40" hits="0" branch="false"/>
                                <line number="52" hits="0" branch="false"/>
                                <line number="44" hits="0" branch="false"/>
                            </lines>
</method>
                        <method 
                        name="com.knoldus.leader_board.business/Blogs/getTotalNoOfPosts" signature="()V" line-rate="0.00" branch-rate="0.00" complexity="0">
                            <lines>
                                <line number="61" hits="0" branch="false"/>
                                <line number="67" hits="0" branch="false"/>
                                <line number="71" hits="0" branch="false"/>
                                <line number="74" hits="0" branch="false"/>
                                <line number="62" hits="0" branch="false"/>
                                <line number="70" hits="0" branch="false"/>
                                <line number="65" hits="0" branch="false"/>
                                <line number="65" hits="0" branch="false"/>
                                <line number="62" hits="0" branch="false"/>
                                <line number="65" hits="0" branch="false"/>
                                <line number="65" hits="0" branch="false"/>
                                <line number="62" hits="0" branch="false"/>
                                <line number="63" hits="0" branch="false"/>
                                <line number="74" hits="0" branch="false"/>
                                <line number="62" hits="0" branch="false"/>
                                <line number="67" hits="0" branch="false"/>
                                <line number="71" hits="0" branch="false"/>
                                <line number="65" hits="0" branch="false"/>
                                <line number="62" hits="0" branch="false"/>
                                <line number="67" hits="0" branch="false"/>
                                <line number="72" hits="0" branch="false"/>
                                <line number="67" hits="0" branch="false"/>
                                <line number="71" hits="0" branch="false"/>
                                <line number="64" hits="0" branch="false"/>
                                <line number="74" hits="0" branch="false"/>
                                <line number="65" hits="0" branch="false"/>
                                <line number="63" hits="0" branch="false"/>
                                <line number="62" hits="0" branch="false"/>
                                <line number="65" hits="0" branch="false"/>
                                <line number="66" hits="0" branch="false"/>
                                <line number="71" hits="0" branch="false"/>
                                <line number="75" hits="0" branch="false"/>
                                <line number="62" hits="0" branch="false"/>
                                <line number="71" hits="0" branch="false"/>
                                <line number="65" hits="0" branch="false"/>
                                <line number="75" hits="0" branch="false"/>
                            </lines>
</method>
                        <method 
                        name="com.knoldus.leader_board.business/Blogs/getListOfAuthors" signature="()V" line-rate="0.00" branch-rate="0.00" complexity="0">
                            <lines>
                                <line number="186" hits="0" branch="false"/>
                                <line number="169" hits="0" branch="false"/>
                                <line number="178" hits="0" branch="false"/>
                                <line number="164" hits="0" branch="false"/>
                                <line number="180" hits="0" branch="false"/>
                                <line number="170" hits="0" branch="false"/>
                                <line number="165" hits="0" branch="false"/>
                                <line number="166" hits="0" branch="false"/>
                                <line number="163" hits="0" branch="false"/>
                                <line number="183" hits="0" branch="false"/>
                                <line number="167" hits="0" branch="false"/>
                                <line number="175" hits="0" branch="false"/>
                                <line number="166" hits="0" branch="false"/>
                                <line number="190" hits="0" branch="false"/>
                                <line number="166" hits="0" branch="false"/>
                                <line number="165" hits="0" branch="false"/>
                                <line number="182" hits="0" branch="false"/>
                                <line number="190" hits="0" branch="false"/>
                                <line number="178" hits="0" branch="false"/>
                                <line number="186" hits="0" branch="false"/>
                                <line number="166" hits="0" branch="false"/>
                                <line number="168" hits="0" branch="false"/>
                                <line number="165" hits="0" branch="false"/>
                                <line number="186" hits="0" branch="false"/>
                                <line number="170" hits="0" branch="false"/>
                                <line number="178" hits="0" branch="false"/>
                                <line number="165" hits="0" branch="false"/>
                                <line number="166" hits="0" branch="false"/>
                                <line number="167" hits="0" branch="false"/>
                                <line number="174" hits="0" branch="false"/>
                                <line number="165" hits="0" branch="false"/>
                                <line number="165" hits="0" branch="false"/>
                                <line number="181" hits="0" branch="false"/>
                                <line number="164" hits="0" branch="false"/>
                                <line number="167" hits="0" branch="false"/>
                                <line number="171" hits="0" branch="false"/>
                                <line number="183" hits="0" branch="false"/>
                                <line number="166" hits="0" branch="false"/>
                                <line number="167" hits="0" branch="false"/>
                                <line number="175" hits="0" branch="false"/>
                                <line number="164" hits="0" branch="false"/>
                                <line number="165" hits="0" branch="false"/>
                                <line number="169" hits="0" branch="false"/>
                                <line number="178" hits="0" branch="false"/>
                                <line number="186" hits="0" branch="false"/>
                                <line number="166" hits="0" branch="false"/>
                            </lines>
</method>
                        <method 
                        name="com.knoldus.leader_board.business/Blogs/getListOfBlogs" signature="()V" line-rate="0.00" branch-rate="0.00" complexity="0">
                            <lines>
                                <line number="125" hits="0" branch="false"/>
                                <line number="127" hits="0" branch="false"/>
                                <line number="145" hits="0" branch="false"/>
                                <line number="138" hits="0" branch="false"/>
                                <line number="131" hits="0" branch="false"/>
                                <line number="152" hits="0" branch="false"/>
                                <line number="137" hits="0" branch="false"/>
                                <line number="145" hits="0" branch="false"/>
                                <line number="127" hits="0" branch="false"/>
                                <line number="131" hits="0" branch="false"/>
                                <line number="148" hits="0" branch="false"/>
                                <line number="123" hits="0" branch="false"/>
                                <line number="141" hits="0" branch="false"/>
                                <line number="126" hits="0" branch="false"/>
                                <line number="127" hits="0" branch="false"/>
                                <line number="131" hits="0" branch="false"/>
                                <line number="141" hits="0" branch="false"/>
                                <line number="126" hits="0" branch="false"/>
                                <line number="148" hits="0" branch="false"/>
                                <line number="129" hits="0" branch="false"/>
                                <line number="125" hits="0" branch="false"/>
                                <line number="132" hits="0" branch="false"/>
                                <line number="125" hits="0" branch="false"/>
                                <line number="141" hits="0" branch="false"/>
                                <line number="148" hits="0" branch="false"/>
                                <line number="131" hits="0" branch="false"/>
                                <line number="126" hits="0" branch="false"/>
                                <line number="125" hits="0" branch="false"/>
                                <line number="144" hits="0" branch="false"/>
                                <line number="130" hits="0" branch="false"/>
                                <line number="124" hits="0" branch="false"/>
                                <line number="134" hits="0" branch="false"/>
                                <line number="148" hits="0" branch="false"/>
                                <line number="127" hits="0" branch="false"/>
                                <line number="152" hits="0" branch="false"/>
                                <line number="126" hits="0" branch="false"/>
                                <line number="131" hits="0" branch="false"/>
                                <line number="138" hits="0" branch="false"/>
                                <line number="125" hits="0" branch="false"/>
                                <line number="126" hits="0" branch="false"/>
                                <line number="129" hits="0" branch="false"/>
                                <line number="152" hits="0" branch="false"/>
                                <line number="128" hits="0" branch="false"/>
                                <line number="148" hits="0" branch="false"/>
                                <line number="141" hits="0" branch="false"/>
                                <line number="126" hits="0" branch="false"/>
                                <line number="124" hits="0" branch="false"/>
                                <line number="131" hits="0" branch="false"/>
                                <line number="124" hits="0" branch="false"/>
                                <line number="125" hits="0" branch="false"/>
                                <line number="133" hits="0" branch="false"/>
                                <line number="141" hits="0" branch="false"/>
                                <line number="126" hits="0" branch="false"/>
                                <line number="130" hits="0" branch="false"/>
                            </lines>
</method>
                        <method 
                        name="com.knoldus.leader_board.business/Blogs/getAllBlogs" signature="()V" line-rate="0.00" branch-rate="0.00" complexity="0">
                            <lines>
                                <line number="100" hits="0" branch="false"/>
                                <line number="101" hits="0" branch="false"/>
                                <line number="105" hits="0" branch="false"/>
                                <line number="104" hits="0" branch="false"/>
                                <line number="101" hits="0" branch="false"/>
                                <line number="102" hits="0" branch="false"/>
                                <line number="100" hits="0" branch="false"/>
                                <line number="105" hits="0" branch="false"/>
                                <line number="101" hits="0" branch="false"/>
                                <line number="104" hits="0" branch="false"/>
                                <line number="104" hits="0" branch="false"/>
                                <line number="100" hits="0" branch="false"/>
                            </lines>
</method>
                        <method 
                        name="com.knoldus.leader_board.business/Blogs/getBlogs" signature="()V" line-rate="0.00" branch-rate="0.00" complexity="0">
                            <lines>
                                <line number="91" hits="0" branch="false"/>
                                <line number="93" hits="0" branch="false"/>
                                <line number="96" hits="0" branch="false"/>
                                <line number="93" hits="0" branch="false"/>
                                <line number="96" hits="0" branch="false"/>
                                <line number="88" hits="0" branch="false"/>
                                <line number="96" hits="0" branch="false"/>
                                <line number="89" hits="0" branch="false"/>
                                <line number="90" hits="0" branch="false"/>
                                <line number="87" hits="0" branch="false"/>
                                <line number="91" hits="0" branch="false"/>
                                <line number="93" hits="0" branch="false"/>
                                <line number="94" hits="0" branch="false"/>
                                <line number="93" hits="0" branch="false"/>
                                <line number="91" hits="0" branch="false"/>
                                <line number="92" hits="0" branch="false"/>
                                <line number="92" hits="0" branch="false"/>
                                <line number="93" hits="0" branch="false"/>
                                <line number="91" hits="0" branch="false"/>
                                <line number="95" hits="0" branch="false"/>
                                <line number="92" hits="0" branch="false"/>
                                <line number="95" hits="0" branch="false"/>
                                <line number="91" hits="0" branch="false"/>
                                <line number="93" hits="0" branch="false"/>
                                <line number="91" hits="0" branch="false"/>
                                <line number="93" hits="0" branch="false"/>
                                <line number="94" hits="0" branch="false"/>
                                <line number="91" hits="0" branch="false"/>
                            </lines>
</method>
                        <method 
                        name="com.knoldus.leader_board.business/Blogs/dispatchRequest" signature="()V" line-rate="0.00" branch-rate="0.00" complexity="0">
                            <lines>
                                <line number="111" hits="0" branch="false"/>
                                <line number="111" hits="0" branch="false"/>
                                <line number="111" hits="0" branch="false"/>
                                <line number="111" hits="0" branch="false"/>
                                <line number="110" hits="0" branch="false"/>
                            </lines>
</method>
                    </methods>
                    <lines>
                        <line number="61" hits="0" branch="false"/>
                        <line number="67" hits="0" branch="false"/>
                        <line number="125" hits="0" branch="false"/>
                        <line number="127" hits="0" branch="false"/>
                        <line number="26" hits="0" branch="false"/>
                        <line number="100" hits="0" branch="false"/>
                        <line number="91" hits="0" branch="false"/>
                        <line number="111" hits="0" branch="false"/>
                        <line number="93" hits="0" branch="false"/>
                        <line number="96" hits="0" branch="false"/>
                        <line number="145" hits="0" branch="false"/>
                        <line number="71" hits="0" branch="false"/>
                        <line number="74" hits="0" branch="false"/>
                        <line number="138" hits="0" branch="false"/>
                        <line number="28" hits="0" branch="false"/>
                        <line number="47" hits="0" branch="false"/>
                        <line number="51" hits="0" branch="false"/>
                        <line number="131" hits="0" branch="false"/>
                        <line number="28" hits="0" branch="false"/>
                        <line number="62" hits="0" branch="false"/>
                        <line number="46" hits="0" branch="false"/>
                        <line number="101" hits="0" branch="false"/>
                        <line number="93" hits="0" branch="false"/>
                        <line number="96" hits="0" branch="false"/>
                        <line number="70" hits="0" branch="false"/>
                        <line number="88" hits="0" branch="false"/>
                        <line number="65" hits="0" branch="false"/>
                        <line number="28" hits="0" branch="false"/>
                        <line number="65" hits="0" branch="false"/>
                        <line number="62" hits="0" branch="false"/>
                        <line number="52" hits="0" branch="false"/>
                        <line number="186" hits="0" branch="false"/>
                        <line number="169" hits="0" branch="false"/>
                        <line number="178" hits="0" branch="false"/>
                        <line number="43" hits="0" branch="false"/>
                        <line number="24" hits="0" branch="false"/>
                        <line number="29" hits="0" branch="false"/>
                        <line number="164" hits="0" branch="false"/>
                        <line number="152" hits="0" branch="false"/>
                        <line number="180" hits="0" branch="false"/>
                        <line number="137" hits="0" branch="false"/>
                        <line number="145" hits="0" branch="false"/>
                        <line number="127" hits="0" branch="false"/>
                        <line number="131" hits="0" branch="false"/>
                        <line number="170" hits="0" branch="false"/>
                        <line number="165" hits="0" branch="false"/>
                        <line number="166" hits="0" branch="false"/>
                        <line number="96" hits="0" branch="false"/>
                        <line number="89" hits="0" branch="false"/>
                        <line number="163" hits="0" branch="false"/>
                        <line number="183" hits="0" branch="false"/>
                        <line number="90" hits="0" branch="false"/>
                        <line number="148" hits="0" branch="false"/>
                        <line number="123" hits="0" branch="false"/>
                        <line number="167" hits="0" branch="false"/>
                        <line number="175" hits="0" branch="false"/>
                        <line number="87" hits="0" branch="false"/>
                        <line number="166" hits="0" branch="false"/>
                        <line number="141" hits="0" branch="false"/>
                        <line number="126" hits="0" branch="false"/>
                        <line number="127" hits="0" branch="false"/>
                        <line number="105" hits="0" branch="false"/>
                        <line number="131" hits="0" branch="false"/>
                        <line number="190" hits="0" branch="false"/>
                        <line number="166" hits="0" branch="false"/>
                        <line number="65" hits="0" branch="false"/>
                        <line number="65" hits="0" branch="false"/>
                        <line number="141" hits="0" branch="false"/>
                        <line number="126" hits="0" branch="false"/>
                        <line number="148" hits="0" branch="false"/>
                        <line number="129" hits="0" branch="false"/>
                        <line number="40" hits="0" branch="false"/>
                        <line number="29" hits="0" branch="false"/>
                        <line number="62" hits="0" branch="false"/>
                        <line number="104" hits="0" branch="false"/>
                        <line number="125" hits="0" branch="false"/>
                        <line number="63" hits="0" branch="false"/>
                        <line number="91" hits="0" branch="false"/>
                        <line number="93" hits="0" branch="false"/>
                        <line number="42" hits="0" branch="false"/>
                        <line number="94" hits="0" branch="false"/>
                        <line number="101" hits="0" branch="false"/>
                        <line number="165" hits="0" branch="false"/>
                        <line number="132" hits="0" branch="false"/>
                        <line number="93" hits="0" branch="false"/>
                        <line number="74" hits="0" branch="false"/>
                        <line number="91" hits="0" branch="false"/>
                        <line number="42" hits="0" branch="false"/>
                        <line number="51" hits="0" branch="false"/>
                        <line number="62" hits="0" branch="false"/>
                        <line number="102" hits="0" branch="false"/>
                        <line number="111" hits="0" branch="false"/>
                        <line number="125" hits="0" branch="false"/>
                        <line number="25" hits="0" branch="false"/>
                        <line number="28" hits="0" branch="false"/>
                        <line number="92" hits="0" branch="false"/>
                        <line number="67" hits="0" branch="false"/>
                        <line number="71" hits="0" branch="false"/>
                        <line number="65" hits="0" branch="false"/>
                        <line number="182" hits="0" branch="false"/>
                        <line number="62" hits="0" branch="false"/>
                        <line number="67" hits="0" branch="false"/>
                        <line number="48" hits="0" branch="false"/>
                        <line number="72" hits="0" branch="false"/>
                        <line number="28" hits="0" branch="false"/>
                        <line number="28" hits="0" branch="false"/>
                        <line number="190" hits="0" branch="false"/>
                        <line number="23" hits="0" branch="false"/>
                        <line number="178" hits="0" branch="false"/>
                        <line number="186" hits="0" branch="false"/>
                        <line number="141" hits="0" branch="false"/>
                        <line number="166" hits="0" branch="false"/>
                        <line number="148" hits="0" branch="false"/>
                        <line number="168" hits="0" branch="false"/>
                        <line number="165" hits="0" branch="false"/>
                        <line number="131" hits="0" branch="false"/>
                        <line number="92" hits="0" branch="false"/>
                        <line number="126" hits="0" branch="false"/>
                        <line number="186" hits="0" branch="false"/>
                        <line number="93" hits="0" branch="false"/>
                        <line number="111" hits="0" branch="false"/>
                        <line number="125" hits="0" branch="false"/>
                        <line number="170" hits="0" branch="false"/>
                        <line number="178" hits="0" branch="false"/>
                        <line number="100" hits="0" branch="false"/>
                        <line number="165" hits="0" branch="false"/>
                        <line number="144" hits="0" branch="false"/>
                        <line number="166" hits="0" branch="false"/>
                        <line number="130" hits="0" branch="false"/>
                        <line number="124" hits="0" branch="false"/>
                        <line number="134" hits="0" branch="false"/>
                        <line number="167" hits="0" branch="false"/>
                        <line number="91" hits="0" branch="false"/>
                        <line number="67" hits="0" branch="false"/>
                        <line number="95" hits="0" branch="false"/>
                        <line number="71" hits="0" branch="false"/>
                        <line number="148" hits="0" branch="false"/>
                        <line number="127" hits="0" branch="false"/>
                        <line number="152" hits="0" branch="false"/>
                        <line number="51" hits="0" branch="false"/>
                        <line number="64" hits="0" branch="false"/>
                        <line number="111" hits="0" branch="false"/>
                        <line number="126" hits="0" branch="false"/>
                        <line number="174" hits="0" branch="false"/>
                        <line number="47" hits="0" branch="false"/>
                        <line number="74" hits="0" branch="false"/>
                        <line number="131" hits="0" branch="false"/>
                        <line number="138" hits="0" branch="false"/>
                        <line number="92" hits="0" branch="false"/>
                        <line number="105" hits="0" branch="false"/>
                        <line number="165" hits="0" branch="false"/>
                        <line number="95" hits="0" branch="false"/>
                        <line number="125" hits="0" branch="false"/>
                        <line number="126" hits="0" branch="false"/>
                        <line number="22" hits="0" branch="false"/>
                        <line number="91" hits="0" branch="false"/>
                        <line number="93" hits="0" branch="false"/>
                        <line number="65" hits="0" branch="false"/>
                        <line number="63" hits="0" branch="false"/>
                        <line number="62" hits="0" branch="false"/>
                        <line number="65" hits="0" branch="false"/>
                        <line number="29" hits="0" branch="false"/>
                        <line number="39" hits="0" branch="false"/>
                        <line number="40" hits="0" branch="false"/>
                        <line number="101" hits="0" branch="false"/>
                        <line number="104" hits="0" branch="false"/>
                        <line number="129" hits="0" branch="false"/>
                        <line number="25" hits="0" branch="false"/>
                        <line number="91" hits="0" branch="false"/>
                        <line number="66" hits="0" branch="false"/>
                        <line number="71" hits="0" branch="false"/>
                        <line number="52" hits="0" branch="false"/>
                        <line number="75" hits="0" branch="false"/>
                        <line number="29" hits="0" branch="false"/>
                        <line number="62" hits="0" branch="false"/>
                        <line number="44" hits="0" branch="false"/>
                        <line number="152" hits="0" branch="false"/>
                        <line number="165" hits="0" branch="false"/>
                        <line number="28" hits="0" branch="false"/>
                        <line number="181" hits="0" branch="false"/>
                        <line number="164" hits="0" branch="false"/>
                        <line number="167" hits="0" branch="false"/>
                        <line number="171" hits="0" branch="false"/>
                        <line number="28" hits="0" branch="false"/>
                        <line number="128" hits="0" branch="false"/>
                        <line number="148" hits="0" branch="false"/>
                        <line number="141" hits="0" branch="false"/>
                        <line number="126" hits="0" branch="false"/>
                        <line number="183" hits="0" branch="false"/>
                        <line number="104" hits="0" branch="false"/>
                        <line number="166" hits="0" branch="false"/>
                        <line number="124" hits="0" branch="false"/>
                        <line number="167" hits="0" branch="false"/>
                        <line number="175" hits="0" branch="false"/>
                        <line number="164" hits="0" branch="false"/>
                        <line number="131" hits="0" branch="false"/>
                        <line number="71" hits="0" branch="false"/>
                        <line number="93" hits="0" branch="false"/>
                        <line number="94" hits="0" branch="false"/>
                        <line number="124" hits="0" branch="false"/>
                        <line number="165" hits="0" branch="false"/>
                        <line number="65" hits="0" branch="false"/>
                        <line number="91" hits="0" branch="false"/>
                        <line number="125" hits="0" branch="false"/>
                        <line number="169" hits="0" branch="false"/>
                        <line number="75" hits="0" branch="false"/>
                        <line number="133" hits="0" branch="false"/>
                        <line number="141" hits="0" branch="false"/>
                        <line number="126" hits="0" branch="false"/>
                        <line number="100" hits="0" branch="false"/>
                        <line number="178" hits="0" branch="false"/>
                        <line number="130" hits="0" branch="false"/>
                        <line number="110" hits="0" branch="false"/>
                        <line number="186" hits="0" branch="false"/>
                        <line number="166" hits="0" branch="false"/>
                    </lines>
</class>
                <class 
                name="com.knoldus.leader_board.business.OverallScore" filename="com/knoldus/leader_board/business/OverallScore.scala" line-rate="0.71" branch-rate="1.00" complexity="0">
                    <methods>
                        <method 
                        name="com.knoldus.leader_board.business/OverallScore/manageScores" signature="()V" line-rate="0.00" branch-rate="0.00" complexity="0">
                            <lines>
                                <line number="38" hits="0" branch="false"/>
                                <line number="34" hits="0" branch="false"/>
                                <line number="37" hits="0" branch="false"/>
                                <line number="33" hits="0" branch="false"/>
                                <line number="35" hits="0" branch="false"/>
                                <line number="33" hits="0" branch="false"/>
                            </lines>
</method>
                        <method 
                        name="com.knoldus.leader_board.business/OverallScore/calculateScore" signature="()V" line-rate="1.00" branch-rate="1.00" complexity="0">
                            <lines>
                                <line number="21" hits="1" branch="false"/>
                                <line number="17" hits="1" branch="false"/>
                                <line number="21" hits="1" branch="false"/>
                                <line number="18" hits="1" branch="false"/>
                                <line number="16" hits="1" branch="false"/>
                                <line number="20" hits="1" branch="false"/>
                                <line number="17" hits="1" branch="false"/>
                                <line number="21" hits="1" branch="false"/>
                                <line number="18" hits="1" branch="false"/>
                                <line number="21" hits="1" branch="false"/>
                                <line number="18" hits="1" branch="false"/>
                                <line number="20" hits="1" branch="false"/>
                                <line number="16" hits="1" branch="false"/>
                                <line number="17" hits="1" branch="false"/>
                                <line number="21" hits="1" branch="false"/>
                            </lines>
</method>
                    </methods>
                    <lines>
                        <line number="21" hits="1" branch="false"/>
                        <line number="38" hits="0" branch="false"/>
                        <line number="17" hits="1" branch="false"/>
                        <line number="21" hits="1" branch="false"/>
                        <line number="18" hits="1" branch="false"/>
                        <line number="34" hits="0" branch="false"/>
                        <line number="16" hits="1" branch="false"/>
                        <line number="20" hits="1" branch="false"/>
                        <line number="17" hits="1" branch="false"/>
                        <line number="37" hits="0" branch="false"/>
                        <line number="21" hits="1" branch="false"/>
                        <line number="18" hits="1" branch="false"/>
                        <line number="33" hits="0" branch="false"/>
                        <line number="21" hits="1" branch="false"/>
                        <line number="18" hits="1" branch="false"/>
                        <line number="20" hits="1" branch="false"/>
                        <line number="16" hits="1" branch="false"/>
                        <line number="35" hits="0" branch="false"/>
                        <line number="17" hits="1" branch="false"/>
                        <line number="33" hits="0" branch="false"/>
                        <line number="21" hits="1" branch="false"/>
                    </lines>
</class>
            </classes>
        </package>
        <package name="com.knoldus.leader_board.infrastructure" line-rate="0.01" branch-rate="0.00" complexity="0">
            <classes>
                <class 
                name="com.knoldus.leader_board.infrastructure.FetchData" filename="com/knoldus/leader_board/infrastructure/FetchData.scala" line-rate="0.02" branch-rate="0.00" complexity="0">
                    <methods>
                        <method 
                        name="com.knoldus.leader_board.infrastructure/FetchData/fetchKnolderIdFromAllTime" signature="()V" line-rate="0.00" branch-rate="0.00" complexity="0">
                            <lines>
                                <line number="83" hits="0" branch="false"/>
                                <line number="90" hits="0" branch="false"/>
                                <line number="83" hits="0" branch="false"/>
                                <line number="83" hits="0" branch="false"/>
                                <line number="87" hits="0" branch="false"/>
                                <line number="83" hits="0" branch="false"/>
                                <line number="90" hits="0" branch="false"/>
                                <line number="80" hits="0" branch="false"/>
                                <line number="83" hits="0" branch="false"/>
                                <line number="86" hits="0" branch="false"/>
                            </lines>
</method>
                        <method 
                        name="com.knoldus.leader_board.infrastructure/FetchData/fetchMaxBlogPublicationDate" signature="()V" line-rate="0.00" branch-rate="0.00" complexity="0">
                            <lines>
                                <line number="19" hits="0" branch="false"/>
                                <line number="26" hits="0" branch="false"/>
                                <line number="19" hits="0" branch="false"/>
                                <line number="19" hits="0" branch="false"/>
                                <line number="19" hits="0" branch="false"/>
                                <line number="23" hits="0" branch="false"/>
                                <line number="22" hits="0" branch="false"/>
                                <line number="26" hits="0" branch="false"/>
                                <line number="17" hits="0" branch="false"/>
                                <line number="19" hits="0" branch="false"/>
                            </lines>
</method>
                        <method 
                        name="com.knoldus.leader_board.infrastructure/FetchData/&lt;none&gt;" signature="()V" line-rate="1.00" branch-rate="1.00" complexity="0">
                            <lines>
                                <line number="9" hits="1" branch="false"/>
                            </lines>
</method>
                        <method 
                        name="com.knoldus.leader_board.infrastructure/FetchData/fetchScores" signature="()V" line-rate="0.00" branch-rate="0.00" complexity="0">
                            <lines>
                                <line number="40" hits="0" branch="false"/>
                                <line number="41" hits="0" branch="false"/>
                                <line number="40" hits="0" branch="false"/>
                                <line number="45" hits="0" branch="false"/>
                                <line number="36" hits="0" branch="false"/>
                                <line number="44" hits="0" branch="false"/>
                                <line number="48" hits="0" branch="false"/>
                                <line number="40" hits="0" branch="false"/>
                                <line number="41" hits="0" branch="false"/>
                                <line number="41" hits="0" branch="false"/>
                                <line number="37" hits="0" branch="false"/>
                                <line number="40" hits="0" branch="false"/>
                                <line number="48" hits="0" branch="false"/>
                            </lines>
</method>
                        <method 
                        name="com.knoldus.leader_board.infrastructure/FetchData/fetchKnolderIdFromKnolder" signature="()V" line-rate="0.00" branch-rate="0.00" complexity="0">
                            <lines>
                                <line number="65" hits="0" branch="false"/>
                                <line number="68" hits="0" branch="false"/>
                                <line number="59" hits="0" branch="false"/>
                                <line number="62" hits="0" branch="false"/>
                                <line number="62" hits="0" branch="false"/>
                                <line number="68" hits="0" branch="false"/>
                                <line number="62" hits="0" branch="false"/>
                                <line number="62" hits="0" branch="false"/>
                                <line number="62" hits="0" branch="false"/>
                                <line number="66" hits="0" branch="false"/>
                            </lines>
</method>
                        <method 
                        name="com.knoldus.leader_board.infrastructure/FetchData/fetchAllTimeData" signature="()V" line-rate="0.00" branch-rate="0.00" complexity="0">
                            <lines>
                                <line number="107" hits="0" branch="false"/>
                                <line number="111" hits="0" branch="false"/>
                                <line number="115" hits="0" branch="false"/>
                                <line number="107" hits="0" branch="false"/>
                                <line number="101" hits="0" branch="false"/>
                                <line number="115" hits="0" branch="false"/>
                                <line number="107" hits="0" branch="false"/>
                                <line number="102" hits="0" branch="false"/>
                                <line number="112" hits="0" branch="false"/>
                                <line number="107" hits="0" branch="false"/>
                                <line number="108" hits="0" branch="false"/>
                            </lines>
</method>
                    </methods>
                    <lines>
                        <line number="107" hits="0" branch="false"/>
                        <line number="65" hits="0" branch="false"/>
                        <line number="83" hits="0" branch="false"/>
                        <line number="40" hits="0" branch="false"/>
                        <line number="111" hits="0" branch="false"/>
                        <line number="68" hits="0" branch="false"/>
                        <line number="90" hits="0" branch="false"/>
                        <line number="59" hits="0" branch="false"/>
                        <line number="19" hits="0" branch="false"/>
                        <line number="41" hits="0" branch="false"/>
                        <line number="62" hits="0" branch="false"/>
                        <line number="9" hits="1" branch="false"/>
                        <line number="115" hits="0" branch="false"/>
                        <line number="107" hits="0" branch="false"/>
                        <line number="83" hits="0" branch="false"/>
                        <line number="26" hits="0" branch="false"/>
                        <line number="40" hits="0" branch="false"/>
                        <line number="45" hits="0" branch="false"/>
                        <line number="19" hits="0" branch="false"/>
                        <line number="101" hits="0" branch="false"/>
                        <line number="115" hits="0" branch="false"/>
                        <line number="36" hits="0" branch="false"/>
                        <line number="83" hits="0" branch="false"/>
                        <line number="107" hits="0" branch="false"/>
                        <line number="44" hits="0" branch="false"/>
                        <line number="62" hits="0" branch="false"/>
                        <line number="19" hits="0" branch="false"/>
                        <line number="102" hits="0" branch="false"/>
                        <line number="48" hits="0" branch="false"/>
                        <line number="68" hits="0" branch="false"/>
                        <line number="19" hits="0" branch="false"/>
                        <line number="40" hits="0" branch="false"/>
                        <line number="87" hits="0" branch="false"/>
                        <line number="41" hits="0" branch="false"/>
                        <line number="62" hits="0" branch="false"/>
                        <line number="83" hits="0" branch="false"/>
                        <line number="23" hits="0" branch="false"/>
                        <line number="22" hits="0" branch="false"/>
                        <line number="41" hits="0" branch="false"/>
                        <line number="90" hits="0" branch="false"/>
                        <line number="112" hits="0" branch="false"/>
                        <line number="62" hits="0" branch="false"/>
                        <line number="80" hits="0" branch="false"/>
                        <line number="62" hits="0" branch="false"/>
                        <line number="26" hits="0" branch="false"/>
                        <line number="37" hits="0" branch="false"/>
                        <line number="107" hits="0" branch="false"/>
                        <line number="17" hits="0" branch="false"/>
                        <line number="83" hits="0" branch="false"/>
                        <line number="40" hits="0" branch="false"/>
                        <line number="108" hits="0" branch="false"/>
                        <line number="19" hits="0" branch="false"/>
                        <line number="86" hits="0" branch="false"/>
                        <line number="48" hits="0" branch="false"/>
                        <line number="66" hits="0" branch="false"/>
                    </lines>
</class>
                <class 
                name="com.knoldus.leader_board.infrastructure.StoreData" filename="com/knoldus/leader_board/infrastructure/StoreData.scala" line-rate="0.00" branch-rate="0.00" complexity="0">
                    <methods>
                        <method 
                        name="com.knoldus.leader_board.infrastructure/StoreData/insertKnolder" signature="()V" line-rate="0.00" branch-rate="0.00" complexity="0">
                            <lines>
                                <line number="18" hits="0" branch="false"/>
                                <line number="20" hits="0" branch="false"/>
                                <line number="29" hits="0" branch="false"/>
                                <line number="28" hits="0" branch="false"/>
                                <line number="32" hits="0" branch="false"/>
                                <line number="18" hits="0" branch="false"/>
                                <line number="20" hits="0" branch="false"/>
                                <line number="20" hits="0" branch="false"/>
                                <line number="18" hits="0" branch="false"/>
                                <line number="32" hits="0" branch="false"/>
                                <line number="24" hits="0" branch="false"/>
                            </lines>
</method>
                        <method 
                        name="com.knoldus.leader_board.infrastructure/StoreData/insertAllTimeData" signature="()V" line-rate="0.00" branch-rate="0.00" complexity="0">
                            <lines>
                                <line number="80" hits="0" branch="false"/>
                                <line number="70" hits="0" branch="false"/>
                                <line number="73" hits="0" branch="false"/>
                                <line number="73" hits="0" branch="false"/>
                                <line number="77" hits="0" branch="false"/>
                                <line number="70" hits="0" branch="false"/>
                                <line number="80" hits="0" branch="false"/>
                                <line number="70" hits="0" branch="false"/>
                                <line number="76" hits="0" branch="false"/>
                            </lines>
</method>
                        <method 
                        name="com.knoldus.leader_board.infrastructure/StoreData/insertBlog" signature="()V" line-rate="0.00" branch-rate="0.00" complexity="0">
                            <lines>
                                <line number="44" hits="0" branch="false"/>
                                <line number="58" hits="0" branch="false"/>
                                <line number="50" hits="0" branch="false"/>
                                <line number="46" hits="0" branch="false"/>
                                <line number="46" hits="0" branch="false"/>
                                <line number="55" hits="0" branch="false"/>
                                <line number="44" hits="0" branch="false"/>
                                <line number="44" hits="0" branch="false"/>
                                <line number="58" hits="0" branch="false"/>
                                <line number="46" hits="0" branch="false"/>
                                <line number="54" hits="0" branch="false"/>
                            </lines>
</method>
                    </methods>
                    <lines>
                        <line number="18" hits="0" branch="false"/>
                        <line number="44" hits="0" branch="false"/>
                        <line number="58" hits="0" branch="false"/>
                        <line number="80" hits="0" branch="false"/>
                        <line number="20" hits="0" branch="false"/>
                        <line number="50" hits="0" branch="false"/>
                        <line number="70" hits="0" branch="false"/>
                        <line number="46" hits="0" branch="false"/>
                        <line number="73" hits="0" branch="false"/>
                        <line number="29" hits="0" branch="false"/>
                        <line number="28" hits="0" branch="false"/>
                        <line number="46" hits="0" branch="false"/>
                        <line number="73" hits="0" branch="false"/>
                        <line number="32" hits="0" branch="false"/>
                        <line number="18" hits="0" branch="false"/>
                        <line number="77" hits="0" branch="false"/>
                        <line number="55" hits="0" branch="false"/>
                        <line number="70" hits="0" branch="false"/>
                        <line number="20" hits="0" branch="false"/>
                        <line number="44" hits="0" branch="false"/>
                        <line number="80" hits="0" branch="false"/>
                        <line number="44" hits="0" branch="false"/>
                        <line number="58" hits="0" branch="false"/>
                        <line number="20" hits="0" branch="false"/>
                        <line number="46" hits="0" branch="false"/>
                        <line number="70" hits="0" branch="false"/>
                        <line number="18" hits="0" branch="false"/>
                        <line number="32" hits="0" branch="false"/>
                        <line number="54" hits="0" branch="false"/>
                        <line number="76" hits="0" branch="false"/>
                        <line number="24" hits="0" branch="false"/>
                    </lines>
</class>
                <class 
                name="com.knoldus.leader_board.infrastructure.UpdateData" filename="com/knoldus/leader_board/infrastructure/UpdateData.scala" line-rate="0.00" branch-rate="0.00" complexity="0">
                    <methods>
                        <method 
                        name="com.knoldus.leader_board.infrastructure/UpdateData/updateAllTimeData" signature="()V" line-rate="0.00" branch-rate="0.00" complexity="0">
                            <lines>
                                <line number="47" hits="0" branch="false"/>
                                <line number="51" hits="0" branch="false"/>
                                <line number="51" hits="0" branch="false"/>
                                <line number="41" hits="0" branch="false"/>
                                <line number="44" hits="0" branch="false"/>
                                <line number="48" hits="0" branch="false"/>
                                <line number="41" hits="0" branch="false"/>
                                <line number="44" hits="0" branch="false"/>
                                <line number="41" hits="0" branch="false"/>
                            </lines>
</method>
                        <method 
                        name="com.knoldus.leader_board.infrastructure/UpdateData/updateRank" signature="()V" line-rate="0.00" branch-rate="0.00" complexity="0">
                            <lines>
                                <line number="25" hits="0" branch="false"/>
                                <line number="29" hits="0" branch="false"/>
                                <line number="17" hits="0" branch="false"/>
                                <line number="21" hits="0" branch="false"/>
                                <line number="19" hits="0" branch="false"/>
                                <line number="29" hits="0" branch="false"/>
                                <line number="17" hits="0" branch="false"/>
                                <line number="26" hits="0" branch="false"/>
                                <line number="17" hits="0" branch="false"/>
                                <line number="19" hits="0" branch="false"/>
                                <line number="19" hits="0" branch="false"/>
                            </lines>
</method>
                    </methods>
                    <lines>
                        <line number="25" hits="0" branch="false"/>
                        <line number="47" hits="0" branch="false"/>
                        <line number="29" hits="0" branch="false"/>
                        <line number="17" hits="0" branch="false"/>
                        <line number="51" hits="0" branch="false"/>
                        <line number="51" hits="0" branch="false"/>
                        <line number="41" hits="0" branch="false"/>
                        <line number="21" hits="0" branch="false"/>
                        <line number="44" hits="0" branch="false"/>
                        <line number="19" hits="0" branch="false"/>
                        <line number="29" hits="0" branch="false"/>
                        <line number="17" hits="0" branch="false"/>
                        <line number="26" hits="0" branch="false"/>
                        <line number="48" hits="0" branch="false"/>
                        <line number="17" hits="0" branch="false"/>
                        <line number="41" hits="0" branch="false"/>
                        <line number="19" hits="0" branch="false"/>
                        <line number="44" hits="0" branch="false"/>
                        <line number="41" hits="0" branch="false"/>
                        <line number="19" hits="0" branch="false"/>
                    </lines>
</class>
            </classes>
        </package>
    </packages>
</coverage>
